[debug] [2021-01-15T16:36:17.805Z] ----------------------------------------------------------------------
[debug] [2021-01-15T16:36:17.810Z] Command:       C:\Program Files\nodejs\node.exe C:\Users\matan\AppData\Roaming\npm\node_modules\firebase-tools\lib\bin\firebase.js init hosting:github
[debug] [2021-01-15T16:36:17.810Z] CLI Version:   9.2.0
[debug] [2021-01-15T16:36:17.811Z] Platform:      win32
[debug] [2021-01-15T16:36:17.811Z] Node Version:  v14.4.0
[debug] [2021-01-15T16:36:17.813Z] Time:          Fri Jan 15 2021 13:36:17 GMT-0300 (Horário Padrão de Brasília)
[debug] [2021-01-15T16:36:17.813Z] ----------------------------------------------------------------------
[debug] [2021-01-15T16:36:17.814Z] 
[debug] [2021-01-15T16:36:17.824Z] > command requires scopes: ["email","openid","https://www.googleapis.com/auth/cloudplatformprojects.readonly","https://www.googleapis.com/auth/firebase","https://www.googleapis.com/auth/cloud-platform"]
[debug] [2021-01-15T16:36:17.826Z] > authorizing via signed-in user
[info] 
     ######## #### ########  ######## ########     ###     ######  ########
     ##        ##  ##     ## ##       ##     ##  ##   ##  ##       ##
     ######    ##  ########  ######   ########  #########  ######  ######
     ##        ##  ##    ##  ##       ##     ## ##     ##       ## ##
     ##       #### ##     ## ######## ########  ##     ##  ######  ########

You're about to initialize a Firebase project in this directory:

  D:\gomespsiodonto\gomespsiodonto.github.io

Before we get started, keep in mind:

  * You are initializing in an existing Firebase project directory

[info] 
=== Project Setup
[info] 
[info] First, let's associate this project directory with a Firebase project.
[info] You can create multiple project aliases by running firebase use --add, 
[info] but for now we'll just set up a default project.
[info] 
[info] i  .firebaserc already has a default project, using gomespsiodonto. 
[debug] [2021-01-15T16:36:25.771Z] > refreshing access token with scopes: []
[debug] [2021-01-15T16:36:25.772Z] >>> HTTP REQUEST POST https://www.googleapis.com/oauth2/v3/token  
 <request body omitted>
[debug] [2021-01-15T16:36:26.058Z] <<< HTTP RESPONSE 200 {"date":"Fri, 15 Jan 2021 16:36:26 GMT","expires":"Mon, 01 Jan 1990 00:00:00 GMT","cache-control":"no-cache, no-store, max-age=0, must-revalidate","pragma":"no-cache","content-type":"application/json; charset=utf-8","vary":"X-Origin, Referer, Origin,Accept-Encoding","server":"scaffolding on HTTPServer2","x-xss-protection":"0","x-frame-options":"SAMEORIGIN","x-content-type-options":"nosniff","alt-svc":"h3-29=\":443\"; ma=2592000,h3-T051=\":443\"; ma=2592000,h3-Q050=\":443\"; ma=2592000,h3-Q046=\":443\"; ma=2592000,h3-Q043=\":443\"; ma=2592000,quic=\":443\"; ma=2592000; v=\"46,43\"","accept-ranges":"none","transfer-encoding":"chunked"}
[debug] [2021-01-15T16:36:26.096Z] >>> [apiv2][query] GET https://firebase.googleapis.com/v1beta1/projects/gomespsiodonto [none]
[debug] [2021-01-15T16:36:26.488Z] <<< [apiv2][status] GET https://firebase.googleapis.com/v1beta1/projects/gomespsiodonto 200
[debug] [2021-01-15T16:36:26.488Z] <<< [apiv2][body] GET https://firebase.googleapis.com/v1beta1/projects/gomespsiodonto {"projectId":"gomespsiodonto","projectNumber":"293257716524","displayName":"gomespsiodonto","name":"projects/gomespsiodonto","resources":{"hostingSite":"gomespsiodonto"},"state":"ACTIVE"}
[info] 
=== Hosting:github Setup
[info] 
[info] i  Detected a .git folder at D:\gomespsiodonto\gomespsiodonto.github.io 
[info] i  Authorizing with GitHub to upload your service account to a GitHub repository's secrets store. 
[info] 
[info] Visit this URL on this device to log in:
[info] https://github.com/login/oauth/authorize?client_id=89cf50f02ac6aaed3484&state=692437513&redirect_uri=http%3A%2F%2Flocalhost%3A9005&scope=read%3Auser%20repo%20public_repo
[info] 
[info] Waiting for authentication...
[debug] [2021-01-15T16:36:27.607Z] >>> HTTP REQUEST POST https://github.com/login/oauth/access_token  
 {"client_id":"89cf50f02ac6aaed3484","client_secret":"3330d14abc895d9a74d5f17cd7a00711fa2c5bf0","code":"5678e7c8eb0b1e42ea86","redirect_uri":"http://localhost:9005","state":"692437513"}
[debug] [2021-01-15T16:36:28.122Z] <<< HTTP RESPONSE 200 {"server":"GitHub.com","date":"Fri, 15 Jan 2021 16:36:28 GMT","content-type":"application/json; charset=utf-8","transfer-encoding":"chunked","status":"200 OK","vary":"X-PJAX, Accept-Encoding, Accept, X-Requested-With","etag":"W/\"592b0fc62d72084ff421c778d6e9dd1c\"","cache-control":"max-age=0, private, must-revalidate","strict-transport-security":"max-age=31536000; includeSubdomains; preload","x-frame-options":"deny","x-content-type-options":"nosniff","x-xss-protection":"1; mode=block","referrer-policy":"origin-when-cross-origin, strict-origin-when-cross-origin","expect-ct":"max-age=2592000, report-uri=\"https://api.github.com/_private/browser/errors\"","content-security-policy":"default-src 'none'; base-uri 'self'; block-all-mixed-content; connect-src 'self' uploads.github.com www.githubstatus.com collector.githubapp.com api.github.com github-cloud.s3.amazonaws.com github-production-repository-file-5c1aeb.s3.amazonaws.com github-production-upload-manifest-file-7fdce7.s3.amazonaws.com github-production-user-asset-6210df.s3.amazonaws.com cdn.optimizely.com logx.optimizely.com/v1/events wss://alive.github.com; font-src github.githubassets.com; form-action 'self' github.com gist.github.com; frame-ancestors 'none'; frame-src render.githubusercontent.com; img-src 'self' data: github.githubassets.com identicons.github.com collector.githubapp.com github-cloud.s3.amazonaws.com *.githubusercontent.com; manifest-src 'self'; media-src 'none'; script-src github.githubassets.com; style-src 'unsafe-inline' github.githubassets.com; worker-src github.com/socket-worker-5029ae85.js gist.github.com/socket-worker-5029ae85.js","x-github-request-id":"5CF1:3BB7:98EEA5:E3CDB8:6001C48C"}
[debug] [2021-01-15T16:36:28.123Z] >>> [apiv2][query] GET https://api.github.com/user [none]
[debug] [2021-01-15T16:36:29.140Z] <<< [apiv2][status] GET https://api.github.com/user 200
[debug] [2021-01-15T16:36:29.140Z] <<< [apiv2][body] GET https://api.github.com/user {"login":"matananh","id":23090634,"node_id":"MDQ6VXNlcjIzMDkwNjM0","avatar_url":"https://avatars1.githubusercontent.com/u/23090634?v=4","gravatar_id":"","url":"https://api.github.com/users/matananh","html_url":"https://github.com/matananh","followers_url":"https://api.github.com/users/matananh/followers","following_url":"https://api.github.com/users/matananh/following{/other_user}","gists_url":"https://api.github.com/users/matananh/gists{/gist_id}","starred_url":"https://api.github.com/users/matananh/starred{/owner}{/repo}","subscriptions_url":"https://api.github.com/users/matananh/subscriptions","organizations_url":"https://api.github.com/users/matananh/orgs","repos_url":"https://api.github.com/users/matananh/repos","events_url":"https://api.github.com/users/matananh/events{/privacy}","received_events_url":"https://api.github.com/users/matananh/received_events","type":"User","site_admin":false,"name":"Davi Cristiano Matana","company":"Davi Matana Promoter","blog":"www.davimatana.com.br","location":"brasil","email":null,"hireable":null,"bio":"Aprendiz!!! e focado nos estudos","twitter_username":null,"public_repos":6,"public_gists":0,"followers":9,"following":18,"created_at":"2016-10-27T03:17:26Z","updated_at":"2021-01-15T15:32:24Z","private_gists":0,"total_private_repos":5,"owned_private_repos":5,"disk_usage":524936,"collaborators":0,"two_factor_authentication":false,"plan":{"name":"free","space":976562499,"collaborators":0,"private_repos":10000}}
[info] 
[info] +  Success! Logged into GitHub as matananh 
[info] 
[debug] [2021-01-15T16:36:36.321Z] >>> [apiv2][query] GET https://api.github.com/repos/gomespsiodonto/gomespsiodonto.github.io/actions/secrets/public-key type=owner
[debug] [2021-01-15T16:36:36.847Z] <<< [apiv2][status] GET https://api.github.com/repos/gomespsiodonto/gomespsiodonto.github.io/actions/secrets/public-key 403
[debug] [2021-01-15T16:36:36.847Z] <<< [apiv2][body] GET https://api.github.com/repos/gomespsiodonto/gomespsiodonto.github.io/actions/secrets/public-key {"message":"Must have admin rights to Repository.","documentation_url":"https://docs.github.com/rest/reference/actions#get-a-repository-public-key"}
[debug] [2021-01-15T16:37:07.591Z] >>> [apiv2][query] GET https://api.github.com/repos/gomespsiodonto/gomespsiodonto/actions/secrets/public-key type=owner
[debug] [2021-01-15T16:37:08.625Z] <<< [apiv2][status] GET https://api.github.com/repos/gomespsiodonto/gomespsiodonto/actions/secrets/public-key 403
[debug] [2021-01-15T16:37:08.626Z] <<< [apiv2][body] GET https://api.github.com/repos/gomespsiodonto/gomespsiodonto/actions/secrets/public-key {"message":"Must have admin rights to Repository.","documentation_url":"https://docs.github.com/rest/reference/actions#get-a-repository-public-key"}
[debug] [2021-01-15T16:37:14.202Z] >>> [apiv2][query] GET https://api.github.com/repos/gomespsiodonto/gomespsiodonto/actions/secrets/public-key type=owner
[debug] [2021-01-15T16:37:15.296Z] <<< [apiv2][status] GET https://api.github.com/repos/gomespsiodonto/gomespsiodonto/actions/secrets/public-key 403
[debug] [2021-01-15T16:37:15.296Z] <<< [apiv2][body] GET https://api.github.com/repos/gomespsiodonto/gomespsiodonto/actions/secrets/public-key {"message":"Must have admin rights to Repository.","documentation_url":"https://docs.github.com/rest/reference/actions#get-a-repository-public-key"}
[debug] [2021-01-15T16:38:01.273Z] >>> [apiv2][query] GET https://api.github.com/repos//gomespsiodonto/gomespsiodonto/actions/secrets/public-key type=owner
[debug] [2021-01-15T16:38:01.969Z] <<< [apiv2][status] GET https://api.github.com/repos//gomespsiodonto/gomespsiodonto/actions/secrets/public-key 404
[debug] [2021-01-15T16:38:01.969Z] <<< [apiv2][body] GET https://api.github.com/repos//gomespsiodonto/gomespsiodonto/actions/secrets/public-key {"message":"Not Found","documentation_url":"https://docs.github.com/rest"}
[debug] [2021-01-15T16:40:05.502Z] >>> [apiv2][query] GET https://api.github.com/repos/gomespsiodonto/gomespsiodonto/actions/secrets/public-key type=owner
[debug] [2021-01-15T16:40:06.105Z] <<< [apiv2][status] GET https://api.github.com/repos/gomespsiodonto/gomespsiodonto/actions/secrets/public-key 403
[debug] [2021-01-15T16:40:06.106Z] <<< [apiv2][body] GET https://api.github.com/repos/gomespsiodonto/gomespsiodonto/actions/secrets/public-key {"message":"Must have admin rights to Repository.","documentation_url":"https://docs.github.com/rest/reference/actions#get-a-repository-public-key"}
[debug] [2021-01-15T16:40:26.178Z] >>> [apiv2][query] GET https://api.github.com/repos/gomespsiodonto/gomespsiodonto/actions/secrets/public-key type=owner
[debug] [2021-01-15T16:40:26.677Z] <<< [apiv2][status] GET https://api.github.com/repos/gomespsiodonto/gomespsiodonto/actions/secrets/public-key 403
[debug] [2021-01-15T16:40:26.678Z] <<< [apiv2][body] GET https://api.github.com/repos/gomespsiodonto/gomespsiodonto/actions/secrets/public-key {"message":"Must have admin rights to Repository.","documentation_url":"https://docs.github.com/rest/reference/actions#get-a-repository-public-key"}
[debug] [2021-01-15T16:42:12.698Z] ----------------------------------------------------------------------
[debug] [2021-01-15T16:42:12.704Z] Command:       C:\Program Files\nodejs\node.exe C:\Users\matan\AppData\Roaming\npm\node_modules\firebase-tools\lib\bin\firebase.js init hosting:github
[debug] [2021-01-15T16:42:12.704Z] CLI Version:   9.2.0
[debug] [2021-01-15T16:42:12.705Z] Platform:      win32
[debug] [2021-01-15T16:42:12.705Z] Node Version:  v14.4.0
[debug] [2021-01-15T16:42:12.707Z] Time:          Fri Jan 15 2021 13:42:12 GMT-0300 (Horário Padrão de Brasília)
[debug] [2021-01-15T16:42:12.707Z] ----------------------------------------------------------------------
[debug] [2021-01-15T16:42:12.707Z] 
[debug] [2021-01-15T16:42:12.722Z] > command requires scopes: ["email","openid","https://www.googleapis.com/auth/cloudplatformprojects.readonly","https://www.googleapis.com/auth/firebase","https://www.googleapis.com/auth/cloud-platform"]
[debug] [2021-01-15T16:42:12.724Z] > authorizing via signed-in user
[info] 
     ######## #### ########  ######## ########     ###     ######  ########
     ##        ##  ##     ## ##       ##     ##  ##   ##  ##       ##
     ######    ##  ########  ######   ########  #########  ######  ######
     ##        ##  ##    ##  ##       ##     ## ##     ##       ## ##
     ##       #### ##     ## ######## ########  ##     ##  ######  ########

You're about to initialize a Firebase project in this directory:

  D:\gomespsiodonto\gomespsiodonto.github.io

Before we get started, keep in mind:

  * You are initializing in an existing Firebase project directory

[info] 
=== Project Setup
[info] 
[info] First, let's associate this project directory with a Firebase project.
[info] You can create multiple project aliases by running firebase use --add, 
[info] but for now we'll just set up a default project.
[info] 
[info] i  .firebaserc already has a default project, using gomespsiodonto. 
[debug] [2021-01-15T16:42:16.067Z] >>> [apiv2][query] GET https://firebase.googleapis.com/v1beta1/projects/gomespsiodonto [none]
[debug] [2021-01-15T16:42:16.507Z] <<< [apiv2][status] GET https://firebase.googleapis.com/v1beta1/projects/gomespsiodonto 200
[debug] [2021-01-15T16:42:16.508Z] <<< [apiv2][body] GET https://firebase.googleapis.com/v1beta1/projects/gomespsiodonto {"projectId":"gomespsiodonto","projectNumber":"293257716524","displayName":"gomespsiodonto","name":"projects/gomespsiodonto","resources":{"hostingSite":"gomespsiodonto"},"state":"ACTIVE"}
[info] 
=== Hosting:github Setup
[info] 
[info] i  Detected a .git folder at D:\gomespsiodonto\gomespsiodonto.github.io 
[info] i  Authorizing with GitHub to upload your service account to a GitHub repository's secrets store. 
[info] 
[info] Visit this URL on this device to log in:
[info] https://github.com/login/oauth/authorize?client_id=89cf50f02ac6aaed3484&state=66997922&redirect_uri=http%3A%2F%2Flocalhost%3A9005&scope=read%3Auser%20repo%20public_repo
[info] 
[info] Waiting for authentication...
[debug] [2021-01-15T16:42:17.635Z] >>> HTTP REQUEST POST https://github.com/login/oauth/access_token  
 {"client_id":"89cf50f02ac6aaed3484","client_secret":"3330d14abc895d9a74d5f17cd7a00711fa2c5bf0","code":"456f9a5999c1c58903d9","redirect_uri":"http://localhost:9005","state":"66997922"}
[debug] [2021-01-15T16:42:18.185Z] <<< HTTP RESPONSE 200 {"server":"GitHub.com","date":"Fri, 15 Jan 2021 16:42:18 GMT","content-type":"application/json; charset=utf-8","transfer-encoding":"chunked","status":"200 OK","vary":"X-PJAX, Accept-Encoding, Accept, X-Requested-With","etag":"W/\"d82bdb02bfb59e875eb72ca77e21fe0f\"","cache-control":"max-age=0, private, must-revalidate","strict-transport-security":"max-age=31536000; includeSubdomains; preload","x-frame-options":"deny","x-content-type-options":"nosniff","x-xss-protection":"1; mode=block","referrer-policy":"origin-when-cross-origin, strict-origin-when-cross-origin","expect-ct":"max-age=2592000, report-uri=\"https://api.github.com/_private/browser/errors\"","content-security-policy":"default-src 'none'; base-uri 'self'; block-all-mixed-content; connect-src 'self' uploads.github.com www.githubstatus.com collector.githubapp.com api.github.com github-cloud.s3.amazonaws.com github-production-repository-file-5c1aeb.s3.amazonaws.com github-production-upload-manifest-file-7fdce7.s3.amazonaws.com github-production-user-asset-6210df.s3.amazonaws.com cdn.optimizely.com logx.optimizely.com/v1/events wss://alive.github.com; font-src github.githubassets.com; form-action 'self' github.com gist.github.com; frame-ancestors 'none'; frame-src render.githubusercontent.com; img-src 'self' data: github.githubassets.com identicons.github.com collector.githubapp.com github-cloud.s3.amazonaws.com *.githubusercontent.com; manifest-src 'self'; media-src 'none'; script-src github.githubassets.com; style-src 'unsafe-inline' github.githubassets.com; worker-src github.com/socket-worker-5029ae85.js gist.github.com/socket-worker-5029ae85.js","x-github-request-id":"5E1B:61AF:7875E4:BED076:6001C5EA"}
[debug] [2021-01-15T16:42:18.186Z] >>> [apiv2][query] GET https://api.github.com/user [none]
[debug] [2021-01-15T16:42:18.785Z] <<< [apiv2][status] GET https://api.github.com/user 200
[debug] [2021-01-15T16:42:18.785Z] <<< [apiv2][body] GET https://api.github.com/user {"login":"matananh","id":23090634,"node_id":"MDQ6VXNlcjIzMDkwNjM0","avatar_url":"https://avatars1.githubusercontent.com/u/23090634?v=4","gravatar_id":"","url":"https://api.github.com/users/matananh","html_url":"https://github.com/matananh","followers_url":"https://api.github.com/users/matananh/followers","following_url":"https://api.github.com/users/matananh/following{/other_user}","gists_url":"https://api.github.com/users/matananh/gists{/gist_id}","starred_url":"https://api.github.com/users/matananh/starred{/owner}{/repo}","subscriptions_url":"https://api.github.com/users/matananh/subscriptions","organizations_url":"https://api.github.com/users/matananh/orgs","repos_url":"https://api.github.com/users/matananh/repos","events_url":"https://api.github.com/users/matananh/events{/privacy}","received_events_url":"https://api.github.com/users/matananh/received_events","type":"User","site_admin":false,"name":"Davi Cristiano Matana","company":"Davi Matana Promoter","blog":"www.davimatana.com.br","location":"brasil","email":null,"hireable":null,"bio":"Aprendiz!!! e focado nos estudos","twitter_username":null,"public_repos":6,"public_gists":0,"followers":9,"following":18,"created_at":"2016-10-27T03:17:26Z","updated_at":"2021-01-15T15:32:24Z","private_gists":0,"total_private_repos":4,"owned_private_repos":4,"disk_usage":523266,"collaborators":0,"two_factor_authentication":false,"plan":{"name":"free","space":976562499,"collaborators":0,"private_repos":10000}}
[info] 
[info] +  Success! Logged into GitHub as matananh 
[info] 
[debug] [2021-01-15T16:45:21.086Z] ----------------------------------------------------------------------
[debug] [2021-01-15T16:45:21.089Z] Command:       C:\Program Files\nodejs\node.exe C:\Users\matan\AppData\Roaming\npm\node_modules\firebase-tools\lib\bin\firebase.js init hosting:github
[debug] [2021-01-15T16:45:21.090Z] CLI Version:   9.2.0
[debug] [2021-01-15T16:45:21.090Z] Platform:      win32
[debug] [2021-01-15T16:45:21.090Z] Node Version:  v14.4.0
[debug] [2021-01-15T16:45:21.092Z] Time:          Fri Jan 15 2021 13:45:21 GMT-0300 (Horário Padrão de Brasília)
[debug] [2021-01-15T16:45:21.092Z] ----------------------------------------------------------------------
[debug] [2021-01-15T16:45:21.092Z] 
[debug] [2021-01-15T16:45:21.104Z] > command requires scopes: ["email","openid","https://www.googleapis.com/auth/cloudplatformprojects.readonly","https://www.googleapis.com/auth/firebase","https://www.googleapis.com/auth/cloud-platform"]
[debug] [2021-01-15T16:45:21.104Z] > authorizing via signed-in user
[info] 
     ######## #### ########  ######## ########     ###     ######  ########
     ##        ##  ##     ## ##       ##     ##  ##   ##  ##       ##
     ######    ##  ########  ######   ########  #########  ######  ######
     ##        ##  ##    ##  ##       ##     ## ##     ##       ## ##
     ##       #### ##     ## ######## ########  ##     ##  ######  ########

You're about to initialize a Firebase project in this directory:

  D:\gomespsiodonto\gomespsiodonto.github.io

Before we get started, keep in mind:

  * You are initializing in an existing Firebase project directory

[info] 
=== Project Setup
[info] 
[info] First, let's associate this project directory with a Firebase project.
[info] You can create multiple project aliases by running firebase use --add, 
[info] but for now we'll just set up a default project.
[info] 
[info] i  .firebaserc already has a default project, using gomespsiodonto. 
[debug] [2021-01-15T16:45:32.611Z] >>> [apiv2][query] GET https://firebase.googleapis.com/v1beta1/projects/gomespsiodonto [none]
[debug] [2021-01-15T16:45:33.018Z] <<< [apiv2][status] GET https://firebase.googleapis.com/v1beta1/projects/gomespsiodonto 200
[debug] [2021-01-15T16:45:33.019Z] <<< [apiv2][body] GET https://firebase.googleapis.com/v1beta1/projects/gomespsiodonto {"projectId":"gomespsiodonto","projectNumber":"293257716524","displayName":"gomespsiodonto","name":"projects/gomespsiodonto","resources":{"hostingSite":"gomespsiodonto"},"state":"ACTIVE"}
[info] 
=== Hosting:github Setup
[info] 
[info] i  Detected a .git folder at D:\gomespsiodonto\gomespsiodonto.github.io 
[info] i  Authorizing with GitHub to upload your service account to a GitHub repository's secrets store. 
[info] 
[info] Visit this URL on this device to log in:
[info] https://github.com/login/oauth/authorize?client_id=89cf50f02ac6aaed3484&state=584104723&redirect_uri=http%3A%2F%2Flocalhost%3A9005&scope=read%3Auser%20repo%20public_repo
[info] 
[info] Waiting for authentication...
[debug] [2021-01-15T16:45:34.151Z] >>> HTTP REQUEST POST https://github.com/login/oauth/access_token  
 {"client_id":"89cf50f02ac6aaed3484","client_secret":"3330d14abc895d9a74d5f17cd7a00711fa2c5bf0","code":"19cb0c17a634a6917945","redirect_uri":"http://localhost:9005","state":"584104723"}
[debug] [2021-01-15T16:45:34.668Z] <<< HTTP RESPONSE 200 {"server":"GitHub.com","date":"Fri, 15 Jan 2021 16:45:34 GMT","content-type":"application/json; charset=utf-8","transfer-encoding":"chunked","status":"200 OK","vary":"X-PJAX, Accept-Encoding, Accept, X-Requested-With","etag":"W/\"5425e12ea4e7e47910d338573ea263dc\"","cache-control":"max-age=0, private, must-revalidate","strict-transport-security":"max-age=31536000; includeSubdomains; preload","x-frame-options":"deny","x-content-type-options":"nosniff","x-xss-protection":"1; mode=block","referrer-policy":"origin-when-cross-origin, strict-origin-when-cross-origin","expect-ct":"max-age=2592000, report-uri=\"https://api.github.com/_private/browser/errors\"","content-security-policy":"default-src 'none'; base-uri 'self'; block-all-mixed-content; connect-src 'self' uploads.github.com www.githubstatus.com collector.githubapp.com api.github.com github-cloud.s3.amazonaws.com github-production-repository-file-5c1aeb.s3.amazonaws.com github-production-upload-manifest-file-7fdce7.s3.amazonaws.com github-production-user-asset-6210df.s3.amazonaws.com cdn.optimizely.com logx.optimizely.com/v1/events wss://alive.github.com; font-src github.githubassets.com; form-action 'self' github.com gist.github.com; frame-ancestors 'none'; frame-src render.githubusercontent.com; img-src 'self' data: github.githubassets.com identicons.github.com collector.githubapp.com github-cloud.s3.amazonaws.com *.githubusercontent.com; manifest-src 'self'; media-src 'none'; script-src github.githubassets.com; style-src 'unsafe-inline' github.githubassets.com; worker-src github.com/socket-worker-5029ae85.js gist.github.com/socket-worker-5029ae85.js","x-github-request-id":"5C6F:3B68:4A3812:7A5396:6001C6AE"}
[debug] [2021-01-15T16:45:34.669Z] >>> [apiv2][query] GET https://api.github.com/user [none]
[debug] [2021-01-15T16:45:35.236Z] <<< [apiv2][status] GET https://api.github.com/user 200
[debug] [2021-01-15T16:45:35.237Z] <<< [apiv2][body] GET https://api.github.com/user {"login":"matananh","id":23090634,"node_id":"MDQ6VXNlcjIzMDkwNjM0","avatar_url":"https://avatars1.githubusercontent.com/u/23090634?v=4","gravatar_id":"","url":"https://api.github.com/users/matananh","html_url":"https://github.com/matananh","followers_url":"https://api.github.com/users/matananh/followers","following_url":"https://api.github.com/users/matananh/following{/other_user}","gists_url":"https://api.github.com/users/matananh/gists{/gist_id}","starred_url":"https://api.github.com/users/matananh/starred{/owner}{/repo}","subscriptions_url":"https://api.github.com/users/matananh/subscriptions","organizations_url":"https://api.github.com/users/matananh/orgs","repos_url":"https://api.github.com/users/matananh/repos","events_url":"https://api.github.com/users/matananh/events{/privacy}","received_events_url":"https://api.github.com/users/matananh/received_events","type":"User","site_admin":false,"name":"Davi Cristiano Matana","company":"Davi Matana Promoter","blog":"www.davimatana.com.br","location":"brasil","email":null,"hireable":null,"bio":"Aprendiz!!! e focado nos estudos","twitter_username":null,"public_repos":6,"public_gists":0,"followers":9,"following":18,"created_at":"2016-10-27T03:17:26Z","updated_at":"2021-01-15T15:32:24Z","private_gists":0,"total_private_repos":4,"owned_private_repos":4,"disk_usage":523266,"collaborators":0,"two_factor_authentication":false,"plan":{"name":"free","space":976562499,"collaborators":0,"private_repos":10000}}
[info] 
[info] +  Success! Logged into GitHub as matananh 
[info] 
[debug] [2021-01-15T16:47:52.892Z] >>> [apiv2][query] GET https://api.github.com/repos/gomespsiodonto/actions/secrets/public-key type=owner
[debug] [2021-01-15T16:47:53.445Z] <<< [apiv2][status] GET https://api.github.com/repos/gomespsiodonto/actions/secrets/public-key 404
[debug] [2021-01-15T16:47:53.445Z] <<< [apiv2][body] GET https://api.github.com/repos/gomespsiodonto/actions/secrets/public-key {"message":"Not Found","documentation_url":"https://docs.github.com/rest"}
[debug] [2021-01-15T16:48:07.654Z] >>> [apiv2][query] GET https://api.github.com/repos/matananh/gomes/psiodonto/actions/secrets/public-key type=owner
[debug] [2021-01-15T16:48:08.181Z] <<< [apiv2][status] GET https://api.github.com/repos/matananh/gomes/psiodonto/actions/secrets/public-key 404
[debug] [2021-01-15T16:48:08.181Z] <<< [apiv2][body] GET https://api.github.com/repos/matananh/gomes/psiodonto/actions/secrets/public-key {"message":"Not Found","documentation_url":"https://docs.github.com/rest"}
